2019-03-27 17:06:14,974 ERROR o.s.boot.SpringApplication[837]: Application run failed
org.springframework.beans.factory.BeanCreationException: Error creating bean with name 'loginServiceProcessor' defined in xyz.berby.im.server.ImServerAutoConfigure: Bean instantiation via factory method failed; nested exception is org.springframework.beans.BeanInstantiationException: Failed to instantiate [org.jim.server.command.handler.processor.login.LoginProcessorIntf]: Factory method 'loginServiceProcessor' threw exception; nested exception is java.lang.LinkageError: loader constraint violation: when resolving method "org.jim.server.command.CommandManager.getCommand(Lorg/jim/common/packets/Command;)Lorg/jim/server/command/AbCmdHandler;" the class loader (instance of org/springframework/boot/devtools/restart/classloader/RestartClassLoader) of the current class, xyz/berby/im/server/ImServerAutoConfigure, and the class loader (instance of sun/misc/Launcher$AppClassLoader) for the method's defining class, org/jim/server/command/CommandManager, have different Class objects for the type org/jim/common/packets/Command used in the signature
	at org.springframework.beans.factory.support.ConstructorResolver.instantiateUsingFactoryMethod(ConstructorResolver.java:591)
	at org.springframework.beans.factory.support.AbstractAutowireCapableBeanFactory.instantiateUsingFactoryMethod(AbstractAutowireCapableBeanFactory.java:1246)
	at org.springframework.beans.factory.support.AbstractAutowireCapableBeanFactory.createBeanInstance(AbstractAutowireCapableBeanFactory.java:1096)
	at org.springframework.beans.factory.support.AbstractAutowireCapableBeanFactory.doCreateBean(AbstractAutowireCapableBeanFactory.java:535)
	at org.springframework.beans.factory.support.AbstractAutowireCapableBeanFactory.createBean(AbstractAutowireCapableBeanFactory.java:495)
	at org.springframework.beans.factory.support.AbstractBeanFactory.lambda$doGetBean$0(AbstractBeanFactory.java:317)
	at org.springframework.beans.factory.support.DefaultSingletonBeanRegistry.getSingleton(DefaultSingletonBeanRegistry.java:222)
	at org.springframework.beans.factory.support.AbstractBeanFactory.doGetBean(AbstractBeanFactory.java:315)
	at org.springframework.beans.factory.support.AbstractBeanFactory.getBean(AbstractBeanFactory.java:199)
	at org.springframework.beans.factory.support.DefaultListableBeanFactory.preInstantiateSingletons(DefaultListableBeanFactory.java:759)
	at org.springframework.context.support.AbstractApplicationContext.finishBeanFactoryInitialization(AbstractApplicationContext.java:867)
	at org.springframework.context.support.AbstractApplicationContext.refresh(AbstractApplicationContext.java:548)
	at org.springframework.boot.web.servlet.context.ServletWebServerApplicationContext.refresh(ServletWebServerApplicationContext.java:140)
	at org.springframework.boot.SpringApplication.refresh(SpringApplication.java:754)
	at org.springframework.boot.SpringApplication.refreshContext(SpringApplication.java:386)
	at org.springframework.boot.SpringApplication.run(SpringApplication.java:307)
	at xyz.berby.im.server.ImServerAutoConfigure.main(ImServerAutoConfigure.java:91)
	at sun.reflect.NativeMethodAccessorImpl.invoke0(Native Method)
	at sun.reflect.NativeMethodAccessorImpl.invoke(NativeMethodAccessorImpl.java:62)
	at sun.reflect.DelegatingMethodAccessorImpl.invoke(DelegatingMethodAccessorImpl.java:43)
	at java.lang.reflect.Method.invoke(Method.java:498)
	at org.springframework.boot.devtools.restart.RestartLauncher.run(RestartLauncher.java:49)
Caused by: org.springframework.beans.BeanInstantiationException: Failed to instantiate [org.jim.server.command.handler.processor.login.LoginProcessorIntf]: Factory method 'loginServiceProcessor' threw exception; nested exception is java.lang.LinkageError: loader constraint violation: when resolving method "org.jim.server.command.CommandManager.getCommand(Lorg/jim/common/packets/Command;)Lorg/jim/server/command/AbCmdHandler;" the class loader (instance of org/springframework/boot/devtools/restart/classloader/RestartClassLoader) of the current class, xyz/berby/im/server/ImServerAutoConfigure, and the class loader (instance of sun/misc/Launcher$AppClassLoader) for the method's defining class, org/jim/server/command/CommandManager, have different Class objects for the type org/jim/common/packets/Command used in the signature
	at org.springframework.beans.factory.support.SimpleInstantiationStrategy.instantiate(SimpleInstantiationStrategy.java:185)
	at org.springframework.beans.factory.support.ConstructorResolver.instantiateUsingFactoryMethod(ConstructorResolver.java:583)
	... 21 common frames omitted
Caused by: java.lang.LinkageError: loader constraint violation: when resolving method "org.jim.server.command.CommandManager.getCommand(Lorg/jim/common/packets/Command;)Lorg/jim/server/command/AbCmdHandler;" the class loader (instance of org/springframework/boot/devtools/restart/classloader/RestartClassLoader) of the current class, xyz/berby/im/server/ImServerAutoConfigure, and the class loader (instance of sun/misc/Launcher$AppClassLoader) for the method's defining class, org/jim/server/command/CommandManager, have different Class objects for the type org/jim/common/packets/Command used in the signature
	at xyz.berby.im.server.ImServerAutoConfigure.loginServiceProcessor(ImServerAutoConfigure.java:56)
	at sun.reflect.NativeMethodAccessorImpl.invoke0(Native Method)
	at sun.reflect.NativeMethodAccessorImpl.invoke(NativeMethodAccessorImpl.java:62)
	at sun.reflect.DelegatingMethodAccessorImpl.invoke(DelegatingMethodAccessorImpl.java:43)
	at java.lang.reflect.Method.invoke(Method.java:498)
	at org.springframework.beans.factory.support.SimpleInstantiationStrategy.instantiate(SimpleInstantiationStrategy.java:154)
	... 22 common frames omitted
